The system is: Windows - 10.0.18362 - AMD64
Compiling the C compiler identification source file "CMakeCCompilerId.c" succeeded.
Compiler: C:/Program Files (x86)/Microsoft Visual Studio/2017/Community/VC/Tools/MSVC/14.14.26428/bin/Hostx86/x86/cl.exe 
Build flags: 
Id flags:  

The output was:
0
Microsoft (R) C/C++ Optimizing Compiler Version 19.14.26430 for x86
Copyright (C) Microsoft Corporation.  All rights reserved.

CMakeCCompilerId.c
Microsoft (R) Incremental Linker Version 14.14.26430.0
Copyright (C) Microsoft Corporation.  All rights reserved.

/out:CMakeCCompilerId.exe 
CMakeCCompilerId.obj 


Compilation of the C compiler identification source "CMakeCCompilerId.c" produced "CMakeCCompilerId.exe"

Compilation of the C compiler identification source "CMakeCCompilerId.c" produced "CMakeCCompilerId.obj"

The C compiler identification is MSVC, found in "C:/Users/Steven/OneDrive/Course Work/Year 2/Semester 2/C Programming/Scrabble/Code/cmake-build-debug/CMakeFiles/3.15.3/CompilerIdC/CMakeCCompilerId.exe"

Determining if the C compiler works passed with the following output:
Change Dir: C:/Users/Steven/OneDrive/Course Work/Year 2/Semester 2/C Programming/Scrabble/Code/cmake-build-debug/CMakeFiles/CMakeTmp

Run Build Command(s):nmake /nologo cmTC_d4212\fast && 	"C:\Program Files (x86)\Microsoft Visual Studio\2017\Community\VC\Tools\MSVC\14.14.26428\bin\HostX86\x86\nmake.exe" -f CMakeFiles\cmTC_d4212.dir\build.make /nologo -L                  CMakeFiles\cmTC_d4212.dir\build
Building C object CMakeFiles/cmTC_d4212.dir/testCCompiler.c.obj
	C:\PROGRA~2\MICROS~4\2017\COMMUN~1\VC\Tools\MSVC\1414~1.264\bin\Hostx86\x86\cl.exe @C:\Users\Steven\AppData\Local\Temp\nm8D9F.tmp
testCCompiler.c
Linking C executable cmTC_d4212.exe
	"C:\Program Files\JetBrains\CLion 2019.3.4\bin\cmake\win\bin\cmake.exe" -E vs_link_exe --intdir=CMakeFiles\cmTC_d4212.dir --rc=C:\PROGRA~2\WI3CF2~1\10\bin\100171~1.0\x86\rc.exe --mt=C:\PROGRA~2\WI3CF2~1\10\bin\100171~1.0\x86\mt.exe --manifests  -- C:\PROGRA~2\MICROS~4\2017\COMMUN~1\VC\Tools\MSVC\1414~1.264\bin\Hostx86\x86\link.exe /nologo @CMakeFiles\cmTC_d4212.dir\objects1.rsp @C:\Users\Steven\AppData\Local\Temp\nm8E1D.tmp



Detecting C compiler ABI info compiled with the following output:
Change Dir: C:/Users/Steven/OneDrive/Course Work/Year 2/Semester 2/C Programming/Scrabble/Code/cmake-build-debug/CMakeFiles/CMakeTmp

Run Build Command(s):nmake /nologo cmTC_9408c\fast && 	"C:\Program Files (x86)\Microsoft Visual Studio\2017\Community\VC\Tools\MSVC\14.14.26428\bin\HostX86\x86\nmake.exe" -f CMakeFiles\cmTC_9408c.dir\build.make /nologo -L                  CMakeFiles\cmTC_9408c.dir\build
Building C object CMakeFiles/cmTC_9408c.dir/CMakeCCompilerABI.c.obj
	C:\PROGRA~2\MICROS~4\2017\COMMUN~1\VC\Tools\MSVC\1414~1.264\bin\Hostx86\x86\cl.exe @C:\Users\Steven\AppData\Local\Temp\nm90EA.tmp
CMakeCCompilerABI.c
Linking C executable cmTC_9408c.exe
	"C:\Program Files\JetBrains\CLion 2019.3.4\bin\cmake\win\bin\cmake.exe" -E vs_link_exe --intdir=CMakeFiles\cmTC_9408c.dir --rc=C:\PROGRA~2\WI3CF2~1\10\bin\100171~1.0\x86\rc.exe --mt=C:\PROGRA~2\WI3CF2~1\10\bin\100171~1.0\x86\mt.exe --manifests  -- C:\PROGRA~2\MICROS~4\2017\COMMUN~1\VC\Tools\MSVC\1414~1.264\bin\Hostx86\x86\link.exe /nologo @CMakeFiles\cmTC_9408c.dir\objects1.rsp @C:\Users\Steven\AppData\Local\Temp\nm9178.tmp



